<?xml version="1.0" encoding="UTF-8"?>
<!-- Generated by org.testng.reporters.JUnitXMLReporter -->
<testsuite ignored="0" hostname="DESKTOP-DTOV99D" failures="0" tests="4" name="Default test" time="8.993" errors="0" timestamp="2021-09-14T18:17:43 IST">
  <testcase classname="testng_demo.Demo" name="openBrowser" time="4.435"/>
  <testcase classname="testng_demo.Demo" name="goToFacebook" time="3.499"/>
  <testcase classname="testng_demo.Demo" name="credentials" time="0.738"/>
  <testcase classname="testng_demo.Demo" name="button" time="0.177"/>
</testsuite> <!-- Default test -->
