<?xml version="1.0" encoding="UTF-8"?>
<testng-results ignored="0" total="3" passed="3" failed="0" skipped="0">
  <reporter-output>
  </reporter-output>
  <suite started-at="2021-09-22T14:08:05 IST" name="Default suite" finished-at="2021-09-22T14:08:22 IST" duration-ms="17002">
    <groups>
    </groups>
    <test started-at="2021-09-22T14:08:05 IST" name="Default test" finished-at="2021-09-22T14:08:22 IST" duration-ms="17002">
      <class name="LoginTestPage.LoginTestPageGitHub">
        <test-method is-config="true" signature="initialization()[pri:0, instance:LoginTestPage.LoginTestPageGitHub@1139b2f3]" started-at="2021-09-22T14:07:54 IST" name="initialization" finished-at="2021-09-22T14:08:05 IST" duration-ms="10953" status="PASS">
          <reporter-output>
          </reporter-output>
        </test-method> <!-- initialization -->
        <test-method signature="create_account()[pri:1, instance:LoginTestPage.LoginTestPageGitHub@1139b2f3]" started-at="2021-09-22T14:08:05 IST" name="create_account" finished-at="2021-09-22T14:08:14 IST" duration-ms="9297" status="PASS">
          <reporter-output>
          </reporter-output>
        </test-method> <!-- create_account -->
        <test-method signature="reset_password()[pri:2, instance:LoginTestPage.LoginTestPageGitHub@1139b2f3]" started-at="2021-09-22T14:08:14 IST" name="reset_password" finished-at="2021-09-22T14:08:20 IST" duration-ms="5681" status="PASS">
          <reporter-output>
          </reporter-output>
        </test-method> <!-- reset_password -->
        <test-method signature="login()[pri:3, instance:LoginTestPage.LoginTestPageGitHub@1139b2f3]" started-at="2021-09-22T14:08:20 IST" name="login" finished-at="2021-09-22T14:08:22 IST" duration-ms="1904" status="PASS">
          <reporter-output>
          </reporter-output>
        </test-method> <!-- login -->
        <test-method is-config="true" signature="Close()[pri:0, instance:LoginTestPage.LoginTestPageGitHub@1139b2f3]" started-at="2021-09-22T14:08:22 IST" name="Close" finished-at="2021-09-22T14:08:22 IST" duration-ms="686" status="PASS">
          <reporter-output>
          </reporter-output>
        </test-method> <!-- Close -->
      </class> <!-- LoginTestPage.LoginTestPageGitHub -->
    </test> <!-- Default test -->
  </suite> <!-- Default suite -->
</testng-results>
