<?xml version="1.0" encoding="UTF-8"?>
<!-- Generated by org.testng.reporters.JUnitXMLReporter -->
<testsuite ignored="0" hostname="DESKTOP-DTOV99D" failures="0" tests="3" name="Default test" time="10.617" errors="0" timestamp="2021-09-23T12:30:33 IST">
  <testcase classname="LoginTestPage.LohinTestPageGitHub" name="create_account" time="5.967"/>
  <testcase classname="LoginTestPage.LohinTestPageGitHub" name="reset_password" time="3.009"/>
  <testcase classname="LoginTestPage.LohinTestPageGitHub" name="login" time="1.516"/>
</testsuite> <!-- Default test -->
