<?xml version="1.0" encoding="UTF-8"?>
<testng-results ignored="0" total="4" passed="4" failed="0" skipped="0">
  <reporter-output>
  </reporter-output>
  <suite started-at="2021-09-14T18:17:34 IST" name="Default suite" finished-at="2021-09-14T18:17:43 IST" duration-ms="8993">
    <groups>
    </groups>
    <test started-at="2021-09-14T18:17:34 IST" name="Default test" finished-at="2021-09-14T18:17:43 IST" duration-ms="8993">
      <class name="testng_demo.Demo">
        <test-method signature="openBrowser()[pri:0, instance:testng_demo.Demo@309e345f]" started-at="2021-09-14T18:17:34 IST" name="openBrowser" finished-at="2021-09-14T18:17:38 IST" duration-ms="4435" status="PASS">
          <reporter-output>
          </reporter-output>
        </test-method> <!-- openBrowser -->
        <test-method signature="goToFacebook()[pri:1, instance:testng_demo.Demo@309e345f]" started-at="2021-09-14T18:17:38 IST" name="goToFacebook" finished-at="2021-09-14T18:17:42 IST" duration-ms="3499" status="PASS">
          <reporter-output>
          </reporter-output>
        </test-method> <!-- goToFacebook -->
        <test-method signature="credentials()[pri:2, instance:testng_demo.Demo@309e345f]" started-at="2021-09-14T18:17:42 IST" name="credentials" finished-at="2021-09-14T18:17:42 IST" duration-ms="738" status="PASS">
          <reporter-output>
          </reporter-output>
        </test-method> <!-- credentials -->
        <test-method signature="button()[pri:3, instance:testng_demo.Demo@309e345f]" started-at="2021-09-14T18:17:42 IST" name="button" finished-at="2021-09-14T18:17:43 IST" duration-ms="177" status="PASS">
          <reporter-output>
          </reporter-output>
        </test-method> <!-- button -->
      </class> <!-- testng_demo.Demo -->
    </test> <!-- Default test -->
  </suite> <!-- Default suite -->
</testng-results>
