<?xml version="1.0" encoding="UTF-8"?>
<testng-results ignored="0" total="3" passed="3" failed="0" skipped="0">
  <reporter-output>
  </reporter-output>
  <suite started-at="2021-09-23T12:30:22 IST" name="Default suite" finished-at="2021-09-23T12:30:33 IST" duration-ms="10617">
    <groups>
    </groups>
    <test started-at="2021-09-23T12:30:22 IST" name="Default test" finished-at="2021-09-23T12:30:33 IST" duration-ms="10617">
      <class name="LoginTestPage.LohinTestPageGitHub">
        <test-method is-config="true" signature="initialization()[pri:0, instance:LoginTestPage.LohinTestPageGitHub@1139b2f3]" started-at="2021-09-23T12:30:13 IST" name="initialization" finished-at="2021-09-23T12:30:22 IST" duration-ms="8962" status="PASS">
          <reporter-output>
          </reporter-output>
        </test-method> <!-- initialization -->
        <test-method signature="create_account()[pri:1, instance:LoginTestPage.LohinTestPageGitHub@1139b2f3]" started-at="2021-09-23T12:30:22 IST" name="create_account" finished-at="2021-09-23T12:30:28 IST" duration-ms="5967" status="PASS">
          <reporter-output>
          </reporter-output>
        </test-method> <!-- create_account -->
        <test-method signature="reset_password()[pri:2, instance:LoginTestPage.LohinTestPageGitHub@1139b2f3]" started-at="2021-09-23T12:30:28 IST" name="reset_password" finished-at="2021-09-23T12:30:31 IST" duration-ms="3009" status="PASS">
          <reporter-output>
          </reporter-output>
        </test-method> <!-- reset_password -->
        <test-method signature="login()[pri:3, instance:LoginTestPage.LohinTestPageGitHub@1139b2f3]" started-at="2021-09-23T12:30:31 IST" name="login" finished-at="2021-09-23T12:30:33 IST" duration-ms="1516" status="PASS">
          <reporter-output>
          </reporter-output>
        </test-method> <!-- login -->
        <test-method is-config="true" signature="Close()[pri:0, instance:LoginTestPage.LohinTestPageGitHub@1139b2f3]" started-at="2021-09-23T12:30:33 IST" name="Close" finished-at="2021-09-23T12:30:33 IST" duration-ms="508" status="PASS">
          <reporter-output>
          </reporter-output>
        </test-method> <!-- Close -->
      </class> <!-- LoginTestPage.LohinTestPageGitHub -->
    </test> <!-- Default test -->
  </suite> <!-- Default suite -->
</testng-results>
