<?xml version="1.0" encoding="UTF-8"?>
<!-- Generated by org.testng.reporters.JUnitXMLReporter -->
<testsuite ignored="0" hostname="DESKTOP-DTOV99D" failures="0" tests="3" name="Default test" time="11.068" errors="0" timestamp="2021-09-26T11:11:23 IST">
  <testcase classname="LoginTestPage.LoginTestPageGitHub" name="create_account" time="5.413"/>
  <testcase classname="LoginTestPage.LoginTestPageGitHub" name="reset_password" time="3.143"/>
  <testcase classname="LoginTestPage.LoginTestPageGitHub" name="login" time="2.409"/>
</testsuite> <!-- Default test -->
